<?xml version="1.0"?>
<!DOCTYPE coverage SYSTEM "http://cobertura.sourceforge.net/xml/coverage-04.dtd">
<coverage 
line-rate="0.97" lines-valid="233" lines-covered="225" branches-valid="26" branches-covered="25" branch-rate="0.96" complexity="0" version="1.0" timestamp="1533014101325">
    <sources>
        <source>--source</source>
        <source>/home/sudha/IdeaProjects/Project2/src/main/scala</source>
    </sources>
    <packages>
        <package name="com.skafka.example" line-rate="0.89" branch-rate="1.00" complexity="0">
            <classes>
                <class 
                name="com.skafka.example.SimpleProducer" filename="com/skafka/example/SimpleProducer.scala" line-rate="0.82" branch-rate="1.00" complexity="0">
                    <methods>
                        <method 
                        name="com.skafka.example/SimpleProducer/&lt;none&gt;" signature="()V" line-rate="1.00" branch-rate="1.00" complexity="0">
                            <lines>
                                <line number="16" hits="1" branch="false"/>
                                <line number="12" hits="1" branch="false"/>
                                <line number="17" hits="1" branch="false"/>
                                <line number="15" hits="1" branch="false"/>
                                <line number="19" hits="1" branch="false"/>
                                <line number="16" hits="1" branch="false"/>
                                <line number="17" hits="1" branch="false"/>
                                <line number="10" hits="1" branch="false"/>
                                <line number="14" hits="1" branch="false"/>
                                <line number="19" hits="1" branch="false"/>
                                <line number="13" hits="1" branch="false"/>
                                <line number="16" hits="1" branch="false"/>
                                <line number="17" hits="1" branch="false"/>
                                <line number="10" hits="1" branch="false"/>
                            </lines>
</method>
                        <method 
                        name="com.skafka.example/SimpleProducer/send" signature="()V" line-rate="0.50" branch-rate="1.00" complexity="0">
                            <lines>
                                <line number="23" hits="1" branch="false"/>
                                <line number="32" hits="0" branch="false"/>
                                <line number="22" hits="1" branch="false"/>
                                <line number="25" hits="1" branch="false"/>
                                <line number="30" hits="0" branch="false"/>
                                <line number="33" hits="0" branch="false"/>
                                <line number="24" hits="1" branch="false"/>
                                <line number="29" hits="0" branch="false"/>
                            </lines>
</method>
                    </methods>
                    <lines>
                        <line number="23" hits="1" branch="false"/>
                        <line number="16" hits="1" branch="false"/>
                        <line number="32" hits="0" branch="false"/>
                        <line number="12" hits="1" branch="false"/>
                        <line number="17" hits="1" branch="false"/>
                        <line number="15" hits="1" branch="false"/>
                        <line number="22" hits="1" branch="false"/>
                        <line number="19" hits="1" branch="false"/>
                        <line number="16" hits="1" branch="false"/>
                        <line number="25" hits="1" branch="false"/>
                        <line number="30" hits="0" branch="false"/>
                        <line number="17" hits="1" branch="false"/>
                        <line number="10" hits="1" branch="false"/>
                        <line number="14" hits="1" branch="false"/>
                        <line number="19" hits="1" branch="false"/>
                        <line number="33" hits="0" branch="false"/>
                        <line number="13" hits="1" branch="false"/>
                        <line number="24" hits="1" branch="false"/>
                        <line number="16" hits="1" branch="false"/>
                        <line number="17" hits="1" branch="false"/>
                        <line number="29" hits="0" branch="false"/>
                        <line number="10" hits="1" branch="false"/>
                    </lines>
</class>
                <class 
                name="com.skafka.example.SimpleConsumer" filename="com/skafka/example/SimpleConsumer.scala" line-rate="0.94" branch-rate="1.00" complexity="0">
                    <methods>
                        <method 
                        name="com.skafka.example/SimpleConsumer/read" signature="()V" line-rate="0.83" branch-rate="1.00" complexity="0">
                            <lines>
                                <line number="28" hits="1" branch="false"/>
                                <line number="36" hits="1" branch="false"/>
                                <line number="28" hits="1" branch="false"/>
                                <line number="32" hits="0" branch="false"/>
                                <line number="27" hits="1" branch="false"/>
                                <line number="35" hits="1" branch="false"/>
                                <line number="28" hits="1" branch="false"/>
                                <line number="26" hits="1" branch="false"/>
                                <line number="28" hits="1" branch="false"/>
                                <line number="27" hits="1" branch="false"/>
                                <line number="33" hits="0" branch="false"/>
                                <line number="28" hits="1" branch="false"/>
                            </lines>
</method>
                        <method 
                        name="com.skafka.example/SimpleConsumer/&lt;none&gt;" signature="()V" line-rate="1.00" branch-rate="1.00" complexity="0">
                            <lines>
                                <line number="18" hits="1" branch="false"/>
                                <line number="23" hits="1" branch="false"/>
                                <line number="19" hits="1" branch="false"/>
                                <line number="24" hits="1" branch="false"/>
                                <line number="12" hits="1" branch="false"/>
                                <line number="17" hits="1" branch="false"/>
                                <line number="20" hits="1" branch="false"/>
                                <line number="16" hits="1" branch="false"/>
                                <line number="20" hits="1" branch="false"/>
                                <line number="23" hits="1" branch="false"/>
                                <line number="18" hits="1" branch="false"/>
                                <line number="19" hits="1" branch="false"/>
                                <line number="12" hits="1" branch="false"/>
                                <line number="24" hits="1" branch="false"/>
                                <line number="19" hits="1" branch="false"/>
                                <line number="24" hits="1" branch="false"/>
                                <line number="14" hits="1" branch="false"/>
                                <line number="20" hits="1" branch="false"/>
                                <line number="21" hits="1" branch="false"/>
                                <line number="18" hits="1" branch="false"/>
                            </lines>
</method>
                    </methods>
                    <lines>
                        <line number="28" hits="1" branch="false"/>
                        <line number="36" hits="1" branch="false"/>
                        <line number="18" hits="1" branch="false"/>
                        <line number="23" hits="1" branch="false"/>
                        <line number="28" hits="1" branch="false"/>
                        <line number="19" hits="1" branch="false"/>
                        <line number="32" hits="0" branch="false"/>
                        <line number="24" hits="1" branch="false"/>
                        <line number="12" hits="1" branch="false"/>
                        <line number="17" hits="1" branch="false"/>
                        <line number="20" hits="1" branch="false"/>
                        <line number="16" hits="1" branch="false"/>
                        <line number="20" hits="1" branch="false"/>
                        <line number="27" hits="1" branch="false"/>
                        <line number="35" hits="1" branch="false"/>
                        <line number="23" hits="1" branch="false"/>
                        <line number="18" hits="1" branch="false"/>
                        <line number="28" hits="1" branch="false"/>
                        <line number="19" hits="1" branch="false"/>
                        <line number="12" hits="1" branch="false"/>
                        <line number="24" hits="1" branch="false"/>
                        <line number="26" hits="1" branch="false"/>
                        <line number="28" hits="1" branch="false"/>
                        <line number="19" hits="1" branch="false"/>
                        <line number="24" hits="1" branch="false"/>
                        <line number="27" hits="1" branch="false"/>
                        <line number="14" hits="1" branch="false"/>
                        <line number="20" hits="1" branch="false"/>
                        <line number="33" hits="0" branch="false"/>
                        <line number="21" hits="1" branch="false"/>
                        <line number="28" hits="1" branch="false"/>
                        <line number="18" hits="1" branch="false"/>
                    </lines>
</class>
            </classes>
        </package>
        <package name="com.techsophy.training" line-rate="0.99" branch-rate="0.96" complexity="0">
            <classes>
                <class 
                name="com.techsophy.training.Exercise" filename="com/techsophy/training/Exercise.scala" line-rate="0.99" branch-rate="0.96" complexity="0">
                    <methods>
                        <method 
                        name="com.techsophy.training/Exercise/removeOdd" signature="()V" line-rate="1.00" branch-rate="1.00" complexity="0">
                            <lines>
                                <line number="74" hits="1" branch="false"/>
                                <line number="74" hits="1" branch="false"/>
                                <line number="74" hits="1" branch="false"/>
                                <line number="74" hits="1" branch="false"/>
                                <line number="74" hits="1" branch="false"/>
                                <line number="74" hits="1" branch="false"/>
                                <line number="74" hits="1" branch="false"/>
                                <line number="74" hits="1" branch="false"/>
                                <line number="74" hits="1" branch="false"/>
                                <line number="74" hits="1" branch="false"/>
                            </lines>
</method>
                        <method 
                        name="com.techsophy.training/Exercise/reverse" signature="()V" line-rate="1.00" branch-rate="1.00" complexity="0">
                            <lines>
                                <line number="32" hits="1" branch="false"/>
                                <line number="35" hits="1" branch="false"/>
                                <line number="35" hits="1" branch="false"/>
                                <line number="35" hits="1" branch="false"/>
                                <line number="32" hits="1" branch="false"/>
                                <line number="31" hits="1" branch="false"/>
                                <line number="35" hits="1" branch="false"/>
                                <line number="35" hits="1" branch="false"/>
                            </lines>
</method>
                        <method 
                        name="com.techsophy.training/Exercise/countFiles" signature="()V" line-rate="1.00" branch-rate="1.00" complexity="0">
                            <lines>
                                <line number="164" hits="1" branch="false"/>
                                <line number="164" hits="1" branch="false"/>
                                <line number="167" hits="1" branch="false"/>
                                <line number="161" hits="1" branch="false"/>
                                <line number="171" hits="1" branch="false"/>
                                <line number="163" hits="1" branch="false"/>
                                <line number="164" hits="1" branch="false"/>
                                <line number="160" hits="1" branch="false"/>
                                <line number="161" hits="1" branch="false"/>
                                <line number="167" hits="1" branch="false"/>
                                <line number="162" hits="1" branch="false"/>
                                <line number="171" hits="1" branch="false"/>
                            </lines>
</method>
                        <method 
                        name="com.techsophy.training/Exercise/spiltByBranch" signature="()V" line-rate="1.00" branch-rate="1.00" complexity="0">
                            <lines>
                                <line number="143" hits="1" branch="false"/>
                                <line number="144" hits="1" branch="false"/>
                                <line number="138" hits="1" branch="false"/>
                                <line number="141" hits="1" branch="false"/>
                                <line number="142" hits="1" branch="false"/>
                                <line number="140" hits="1" branch="false"/>
                                <line number="138" hits="1" branch="false"/>
                                <line number="142" hits="1" branch="false"/>
                                <line number="139" hits="1" branch="false"/>
                                <line number="143" hits="1" branch="false"/>
                                <line number="144" hits="1" branch="false"/>
                                <line number="141" hits="1" branch="false"/>
                                <line number="142" hits="1" branch="false"/>
                                <line number="138" hits="1" branch="false"/>
                                <line number="143" hits="1" branch="false"/>
                                <line number="144" hits="1" branch="false"/>
                                <line number="141" hits="1" branch="false"/>
                                <line number="141" hits="1" branch="false"/>
                                <line number="138" hits="1" branch="false"/>
                                <line number="144" hits="1" branch="false"/>
                                <line number="143" hits="1" branch="false"/>
                                <line number="138" hits="1" branch="false"/>
                                <line number="139" hits="1" branch="false"/>
                                <line number="142" hits="1" branch="false"/>
                                <line number="143" hits="1" branch="false"/>
                                <line number="141" hits="1" branch="false"/>
                                <line number="142" hits="1" branch="false"/>
                                <line number="144" hits="1" branch="false"/>
                                <line number="143" hits="1" branch="false"/>
                                <line number="141" hits="1" branch="false"/>
                                <line number="142" hits="1" branch="false"/>
                                <line number="144" hits="1" branch="false"/>
                            </lines>
</method>
                        <method 
                        name="com.techsophy.training/Exercise/concatenate" signature="()V" line-rate="1.00" branch-rate="1.00" complexity="0">
                            <lines>
                                <line number="79" hits="1" branch="false"/>
                                <line number="78" hits="1" branch="false"/>
                                <line number="79" hits="1" branch="false"/>
                                <line number="79" hits="1" branch="false"/>
                                <line number="79" hits="1" branch="false"/>
                                <line number="79" hits="1" branch="false"/>
                                <line number="78" hits="1" branch="false"/>
                                <line number="79" hits="1" branch="false"/>
                                <line number="78" hits="1" branch="false"/>
                                <line number="79" hits="1" branch="false"/>
                                <line number="79" hits="1" branch="false"/>
                            </lines>
</method>
                        <method 
                        name="com.techsophy.training/Exercise/wordCount" signature="()V" line-rate="1.00" branch-rate="1.00" complexity="0">
                            <lines>
                                <line number="66" hits="1" branch="false"/>
                                <line number="66" hits="1" branch="false"/>
                                <line number="66" hits="1" branch="false"/>
                            </lines>
</method>
                        <method name="com.techsophy.training/Exercise/fill" signature="()V" line-rate="1.00" branch-rate="1.00" complexity="0">
                            <lines>
                                <line number="26" hits="1" branch="false"/>
                                <line number="23" hits="1" branch="false"/>
                                <line number="22" hits="1" branch="false"/>
                                <line number="26" hits="1" branch="false"/>
                                <line number="23" hits="1" branch="false"/>
                            </lines>
                        </method>
                        <method 
                        name="com.techsophy.training/Exercise/dedupe" signature="()V" line-rate="1.00" branch-rate="1.00" complexity="0">
                            <lines>
                                <line number="70" hits="1" branch="false"/>
                                <line number="70" hits="1" branch="false"/>
                                <line number="70" hits="1" branch="false"/>
                                <line number="70" hits="1" branch="false"/>
                                <line number="70" hits="1" branch="false"/>
                                <line number="70" hits="1" branch="false"/>
                                <line number="70" hits="1" branch="false"/>
                                <line number="70" hits="1" branch="false"/>
                            </lines>
</method>
                        <method 
                        name="com.techsophy.training/Exercise/appraisal" signature="()V" line-rate="1.00" branch-rate="1.00" complexity="0">
                            <lines>
                                <line number="132" hits="1" branch="false"/>
                                <line number="121" hits="1" branch="false"/>
                                <line number="129" hits="1" branch="false"/>
                                <line number="132" hits="1" branch="false"/>
                                <line number="126" hits="1" branch="false"/>
                                <line number="129" hits="1" branch="false"/>
                                <line number="121" hits="1" branch="false"/>
                                <line number="132" hits="1" branch="false"/>
                                <line number="129" hits="1" branch="false"/>
                                <line number="123" hits="1" branch="false"/>
                                <line number="126" hits="1" branch="false"/>
                                <line number="129" hits="1" branch="false"/>
                                <line number="120" hits="1" branch="false"/>
                                <line number="129" hits="1" branch="false"/>
                                <line number="132" hits="1" branch="false"/>
                                <line number="123" hits="1" branch="false"/>
                                <line number="119" hits="1" branch="false"/>
                                <line number="126" hits="1" branch="false"/>
                                <line number="132" hits="1" branch="false"/>
                                <line number="126" hits="1" branch="false"/>
                                <line number="129" hits="1" branch="false"/>
                                <line number="129" hits="1" branch="false"/>
                                <line number="132" hits="1" branch="false"/>
                                <line number="122" hits="1" branch="false"/>
                                <line number="126" hits="1" branch="false"/>
                                <line number="132" hits="1" branch="false"/>
                                <line number="123" hits="1" branch="false"/>
                                <line number="129" hits="1" branch="false"/>
                                <line number="120" hits="1" branch="false"/>
                                <line number="123" hits="1" branch="false"/>
                                <line number="132" hits="1" branch="false"/>
                                <line number="128" hits="1" branch="false"/>
                            </lines>
</method>
                        <method 
                        name="com.techsophy.training/Exercise/merge" signature="()V" line-rate="1.00" branch-rate="1.00" complexity="0">
                            <lines>
                                <line number="113" hits="1" branch="false"/>
                                <line number="104" hits="1" branch="false"/>
                                <line number="108" hits="1" branch="false"/>
                                <line number="110" hits="1" branch="false"/>
                                <line number="113" hits="1" branch="false"/>
                                <line number="108" hits="1" branch="false"/>
                                <line number="110" hits="1" branch="false"/>
                                <line number="109" hits="1" branch="false"/>
                            </lines>
</method>
                        <method 
                        name="com.techsophy.training/Exercise/rotate" signature="()V" line-rate="1.00" branch-rate="1.00" complexity="0">
                            <lines>
                                <line number="43" hits="1" branch="false"/>
                                <line number="40" hits="1" branch="false"/>
                                <line number="46" hits="1" branch="false"/>
                                <line number="43" hits="1" branch="false"/>
                                <line number="43" hits="1" branch="false"/>
                                <line number="46" hits="1" branch="false"/>
                                <line number="42" hits="1" branch="false"/>
                                <line number="41" hits="1" branch="false"/>
                                <line number="46" hits="1" branch="false"/>
                                <line number="41" hits="1" branch="false"/>
                                <line number="43" hits="1" branch="false"/>
                                <line number="46" hits="1" branch="false"/>
                            </lines>
</method>
                        <method name="com.techsophy.training/Exercise/zip" signature="()V" line-rate="1.00" branch-rate="1.00" complexity="0">
                            <lines>
                                <line number="95" hits="1" branch="false"/>
                                <line number="97" hits="1" branch="false"/>
                                <line number="96" hits="1" branch="false"/>
                            </lines>
                        </method>
                        <method 
                        name="com.techsophy.training/Exercise/getCompanyValue" signature="()V" line-rate="1.00" branch-rate="1.00" complexity="0">
                            <lines>
                                <line number="152" hits="1" branch="false"/>
                                <line number="156" hits="1" branch="false"/>
                                <line number="154" hits="1" branch="false"/>
                                <line number="152" hits="1" branch="false"/>
                                <line number="153" hits="1" branch="false"/>
                                <line number="156" hits="1" branch="false"/>
                                <line number="154" hits="1" branch="false"/>
                                <line number="156" hits="1" branch="false"/>
                                <line number="155" hits="1" branch="false"/>
                                <line number="153" hits="1" branch="false"/>
                            </lines>
</method>
                        <method 
                        name="com.techsophy.training/Exercise/&lt;none&gt;" signature="()V" line-rate="1.00" branch-rate="1.00" complexity="0">
                            <lines>
                                <line number="9" hits="1" branch="false"/>
                                <line number="9" hits="1" branch="false"/>
                            </lines>
</method>
                        <method name="com.techsophy.training/Exercise/sum" signature="()V" line-rate="1.00" branch-rate="1.00" complexity="0">
                            <lines>
                                <line number="54" hits="1" branch="false"/>
                                <line number="57" hits="1" branch="false"/>
                                <line number="53" hits="1" branch="false"/>
                                <line number="54" hits="1" branch="false"/>
                                <line number="54" hits="1" branch="false"/>
                                <line number="57" hits="1" branch="false"/>
                                <line number="53" hits="1" branch="false"/>
                                <line number="54" hits="1" branch="false"/>
                            </lines>
                        </method>
                        <method 
                        name="com.techsophy.training/Exercise/concat" signature="()V" line-rate="1.00" branch-rate="1.00" complexity="0">
                            <lines>
                                <line number="62" hits="1" branch="false"/>
                                <line number="62" hits="1" branch="false"/>
                            </lines>
</method>
                        <method name="com.techsophy.training/Exercise/show" signature="()V" line-rate="1.00" branch-rate="1.00" complexity="0">
                            <lines>
                                <line number="13" hits="1" branch="false"/>
                                <line number="14" hits="1" branch="false"/>
                                <line number="13" hits="1" branch="false"/>
                                <line number="14" hits="1" branch="false"/>
                                <line number="15" hits="1" branch="false"/>
                                <line number="17" hits="1" branch="false"/>
                                <line number="13" hits="1" branch="false"/>
                            </lines>
                        </method>
                        <method 
                        name="com.techsophy.training/Exercise/removeKeys" signature="()V" line-rate="0.67" branch-rate="0.50" complexity="0">
                            <lines>
                                <line number="86" hits="1" branch="false"/>
                                <line number="86" hits="0" branch="false"/>
                                <line number="87" hits="1" branch="false"/>
                                <line number="85" hits="1" branch="false"/>
                                <line number="87" hits="1" branch="false"/>
                                <line number="86" hits="0" branch="false"/>
                            </lines>
</method>
                    </methods>
                    <lines>
                        <line number="95" hits="1" branch="false"/>
                        <line number="113" hits="1" branch="false"/>
                        <line number="152" hits="1" branch="false"/>
                        <line number="164" hits="1" branch="false"/>
                        <line number="54" hits="1" branch="false"/>
                        <line number="66" hits="1" branch="false"/>
                        <line number="143" hits="1" branch="false"/>
                        <line number="132" hits="1" branch="false"/>
                        <line number="144" hits="1" branch="false"/>
                        <line number="138" hits="1" branch="false"/>
                        <line number="141" hits="1" branch="false"/>
                        <line number="43" hits="1" branch="false"/>
                        <line number="121" hits="1" branch="false"/>
                        <line number="129" hits="1" branch="false"/>
                        <line number="74" hits="1" branch="false"/>
                        <line number="74" hits="1" branch="false"/>
                        <line number="79" hits="1" branch="false"/>
                        <line number="57" hits="1" branch="false"/>
                        <line number="70" hits="1" branch="false"/>
                        <line number="86" hits="1" branch="false"/>
                        <line number="78" hits="1" branch="false"/>
                        <line number="142" hits="1" branch="false"/>
                        <line number="132" hits="1" branch="false"/>
                        <line number="40" hits="1" branch="false"/>
                        <line number="46" hits="1" branch="false"/>
                        <line number="126" hits="1" branch="false"/>
                        <line number="140" hits="1" branch="false"/>
                        <line number="129" hits="1" branch="false"/>
                        <line number="13" hits="1" branch="false"/>
                        <line number="26" hits="1" branch="false"/>
                        <line number="74" hits="1" branch="false"/>
                        <line number="104" hits="1" branch="false"/>
                        <line number="121" hits="1" branch="false"/>
                        <line number="14" hits="1" branch="false"/>
                        <line number="86" hits="0" branch="false"/>
                        <line number="79" hits="1" branch="false"/>
                        <line number="53" hits="1" branch="false"/>
                        <line number="43" hits="1" branch="false"/>
                        <line number="74" hits="1" branch="false"/>
                        <line number="62" hits="1" branch="false"/>
                        <line number="32" hits="1" branch="false"/>
                        <line number="70" hits="1" branch="false"/>
                        <line number="35" hits="1" branch="false"/>
                        <line number="9" hits="1" branch="false"/>
                        <line number="164" hits="1" branch="false"/>
                        <line number="23" hits="1" branch="false"/>
                        <line number="138" hits="1" branch="false"/>
                        <line number="142" hits="1" branch="false"/>
                        <line number="132" hits="1" branch="false"/>
                        <line number="139" hits="1" branch="false"/>
                        <line number="129" hits="1" branch="false"/>
                        <line number="156" hits="1" branch="false"/>
                        <line number="143" hits="1" branch="false"/>
                        <line number="167" hits="1" branch="false"/>
                        <line number="108" hits="1" branch="false"/>
                        <line number="123" hits="1" branch="false"/>
                        <line number="161" hits="1" branch="false"/>
                        <line number="171" hits="1" branch="false"/>
                        <line number="79" hits="1" branch="false"/>
                        <line number="87" hits="1" branch="false"/>
                        <line number="70" hits="1" branch="false"/>
                        <line number="144" hits="1" branch="false"/>
                        <line number="154" hits="1" branch="false"/>
                        <line number="126" hits="1" branch="false"/>
                        <line number="129" hits="1" branch="false"/>
                        <line number="120" hits="1" branch="false"/>
                        <line number="74" hits="1" branch="false"/>
                        <line number="141" hits="1" branch="false"/>
                        <line number="142" hits="1" branch="false"/>
                        <line number="138" hits="1" branch="false"/>
                        <line number="129" hits="1" branch="false"/>
                        <line number="132" hits="1" branch="false"/>
                        <line number="74" hits="1" branch="false"/>
                        <line number="79" hits="1" branch="false"/>
                        <line number="85" hits="1" branch="false"/>
                        <line number="143" hits="1" branch="false"/>
                        <line number="144" hits="1" branch="false"/>
                        <line number="152" hits="1" branch="false"/>
                        <line number="66" hits="1" branch="false"/>
                        <line number="43" hits="1" branch="false"/>
                        <line number="70" hits="1" branch="false"/>
                        <line number="54" hits="1" branch="false"/>
                        <line number="141" hits="1" branch="false"/>
                        <line number="22" hits="1" branch="false"/>
                        <line number="9" hits="1" branch="false"/>
                        <line number="35" hits="1" branch="false"/>
                        <line number="110" hits="1" branch="false"/>
                        <line number="123" hits="1" branch="false"/>
                        <line number="46" hits="1" branch="false"/>
                        <line number="54" hits="1" branch="false"/>
                        <line number="26" hits="1" branch="false"/>
                        <line number="13" hits="1" branch="false"/>
                        <line number="97" hits="1" branch="false"/>
                        <line number="79" hits="1" branch="false"/>
                        <line number="78" hits="1" branch="false"/>
                        <line number="119" hits="1" branch="false"/>
                        <line number="126" hits="1" branch="false"/>
                        <line number="35" hits="1" branch="false"/>
                        <line number="70" hits="1" branch="false"/>
                        <line number="74" hits="1" branch="false"/>
                        <line number="62" hits="1" branch="false"/>
                        <line number="42" hits="1" branch="false"/>
                        <line number="41" hits="1" branch="false"/>
                        <line number="32" hits="1" branch="false"/>
                        <line number="14" hits="1" branch="false"/>
                        <line number="141" hits="1" branch="false"/>
                        <line number="163" hits="1" branch="false"/>
                        <line number="138" hits="1" branch="false"/>
                        <line number="144" hits="1" branch="false"/>
                        <line number="153" hits="1" branch="false"/>
                        <line number="143" hits="1" branch="false"/>
                        <line number="113" hits="1" branch="false"/>
                        <line number="132" hits="1" branch="false"/>
                        <line number="126" hits="1" branch="false"/>
                        <line number="138" hits="1" branch="false"/>
                        <line number="164" hits="1" branch="false"/>
                        <line number="79" hits="1" branch="false"/>
                        <line number="96" hits="1" branch="false"/>
                        <line number="139" hits="1" branch="false"/>
                        <line number="156" hits="1" branch="false"/>
                        <line number="78" hits="1" branch="false"/>
                        <line number="129" hits="1" branch="false"/>
                        <line number="142" hits="1" branch="false"/>
                        <line number="143" hits="1" branch="false"/>
                        <line number="15" hits="1" branch="false"/>
                        <line number="154" hits="1" branch="false"/>
                        <line number="141" hits="1" branch="false"/>
                        <line number="160" hits="1" branch="false"/>
                        <line number="46" hits="1" branch="false"/>
                        <line number="57" hits="1" branch="false"/>
                        <line number="129" hits="1" branch="false"/>
                        <line number="132" hits="1" branch="false"/>
                        <line number="122" hits="1" branch="false"/>
                        <line number="87" hits="1" branch="false"/>
                        <line number="126" hits="1" branch="false"/>
                        <line number="108" hits="1" branch="false"/>
                        <line number="70" hits="1" branch="false"/>
                        <line number="74" hits="1" branch="false"/>
                        <line number="79" hits="1" branch="false"/>
                        <line number="142" hits="1" branch="false"/>
                        <line number="144" hits="1" branch="false"/>
                        <line number="41" hits="1" branch="false"/>
                        <line number="31" hits="1" branch="false"/>
                        <line number="161" hits="1" branch="false"/>
                        <line number="53" hits="1" branch="false"/>
                        <line number="17" hits="1" branch="false"/>
                        <line number="66" hits="1" branch="false"/>
                        <line number="132" hits="1" branch="false"/>
                        <line number="35" hits="1" branch="false"/>
                        <line number="43" hits="1" branch="false"/>
                        <line number="110" hits="1" branch="false"/>
                        <line number="79" hits="1" branch="false"/>
                        <line number="123" hits="1" branch="false"/>
                        <line number="129" hits="1" branch="false"/>
                        <line number="86" hits="0" branch="false"/>
                        <line number="70" hits="1" branch="false"/>
                        <line number="74" hits="1" branch="false"/>
                        <line number="13" hits="1" branch="false"/>
                        <line number="46" hits="1" branch="false"/>
                        <line number="54" hits="1" branch="false"/>
                        <line number="70" hits="1" branch="false"/>
                        <line number="35" hits="1" branch="false"/>
                        <line number="74" hits="1" branch="false"/>
                        <line number="23" hits="1" branch="false"/>
                        <line number="167" hits="1" branch="false"/>
                        <line number="156" hits="1" branch="false"/>
                        <line number="143" hits="1" branch="false"/>
                        <line number="155" hits="1" branch="false"/>
                        <line number="120" hits="1" branch="false"/>
                        <line number="123" hits="1" branch="false"/>
                        <line number="141" hits="1" branch="false"/>
                        <line number="132" hits="1" branch="false"/>
                        <line number="109" hits="1" branch="false"/>
                        <line number="153" hits="1" branch="false"/>
                        <line number="128" hits="1" branch="false"/>
                        <line number="142" hits="1" branch="false"/>
                        <line number="162" hits="1" branch="false"/>
                        <line number="144" hits="1" branch="false"/>
                        <line number="171" hits="1" branch="false"/>
                    </lines>
</class>
            </classes>
        </package>
    </packages>
</coverage>
